#
# There is insufficient memory for the Java Runtime Environment to continue.
# Native memory allocation (mmap) failed to map 58720256 bytes. Error detail: G1 virtual space
# Possible reasons:
#   The system is out of physical RAM or swap space
#   This process is running with CompressedOops enabled, and the Java Heap may be blocking the growth of the native heap
# Possible solutions:
#   Reduce memory load on the system
#   Increase physical memory or swap space
#   Check if swap backing store is full
#   Decrease Java heap size (-Xmx/-Xms)
#   Decrease number of Java threads
#   Decrease Java thread stack sizes (-Xss)
#   Set larger code cache with -XX:ReservedCodeCacheSize=
#   JVM is running with Unscaled Compressed Oops mode in which the Java heap is
#     placed in the first 4GB address space. The Java Heap base address is the
#     maximum limit for the native heap growth. Please use -XX:HeapBaseMinAddress
#     to set the Java Heap base and to place the Java Heap above 4GB virtual address.
# This output file may be truncated or incomplete.
#
#  Out of Memory Error (os_windows.cpp:3828), pid=4972, tid=4860
#
# JRE version:  (21.0.4+13) (build )
# Java VM: OpenJDK 64-Bit Server VM (21.0.4+13-b509.26, mixed mode, sharing, tiered, compressed oops, compressed class ptrs, g1 gc, windows-amd64)
# No core dump will be written. Minidumps are not enabled by default on client versions of Windows
#

---------------  S U M M A R Y ------------

Command Line: git4idea.http.GitAskPassApp Username for 'https://github.com': 

Host: AMD Ryzen 3 3250U with Radeon Graphics         , 4 cores, 3G,  Windows 11 , 64 bit Build 26100 (10.0.26100.2454)
Time: Tue Nov 26 22:15:05 2024  Windows 11 , 64 bit Build 26100 (10.0.26100.2454) elapsed time: 0.161344 seconds (0d 0h 0m 0s)

---------------  T H R E A D  ---------------

Current thread (0x00000221e4dd1ab0):  JavaThread "Unknown thread" [_thread_in_vm, id=4860, stack(0x0000007273700000,0x0000007273800000) (1024K)]

Stack: [0x0000007273700000,0x0000007273800000]
Native frames: (J=compiled Java code, j=interpreted, Vv=VM code, C=native code)
V  [jvm.dll+0x6e3739]
V  [jvm.dll+0x8c0c33]
V  [jvm.dll+0x8c318e]
V  [jvm.dll+0x8c3873]
V  [jvm.dll+0x288256]
V  [jvm.dll+0x6dfec5]
V  [jvm.dll+0x6d439a]
V  [jvm.dll+0x36211b]
V  [jvm.dll+0x369cc6]
V  [jvm.dll+0x3bbdf6]
V  [jvm.dll+0x3bc0c8]
V  [jvm.dll+0x3348dc]
V  [jvm.dll+0x3355cb]
V  [jvm.dll+0x888099]
V  [jvm.dll+0x3c8f28]
V  [jvm.dll+0x871238]
V  [jvm.dll+0x45d8de]
V  [jvm.dll+0x45f5c1]
C  [jli.dll+0x52ab]
C  [ucrtbase.dll+0x14ea0]
C  [KERNEL32.DLL+0x2e8d7]
C  [ntdll.dll+0xdfbcc]


---------------  P R O C E S S  ---------------

Threads class SMR info:
_java_thread_list=0x00007ffc2a372108, length=0, elements={
}

Java Threads: ( => current thread )
Total: 0

Other Threads:
  0x00000221e712b3d0 WorkerThread "GC Thread#0"                     [id=20568, stack(0x0000007273800000,0x0000007273900000) (1024K)]
  0x00000221e7133130 ConcurrentGCThread "G1 Main Marker"            [id=4388, stack(0x0000007273900000,0x0000007273a00000) (1024K)]
  0x00000221e7133c30 WorkerThread "G1 Conc#0"                       [id=19168, stack(0x0000007273a00000,0x0000007273b00000) (1024K)]

[error occurred during error reporting (printing all threads), id 0xc0000005, EXCEPTION_ACCESS_VIOLATION (0xc0000005) at pc=0x00007ffc29a67997]
VM state: not at safepoint (not fully initialized)

VM Mutex/Monitor currently owned by a thread:  ([mutex/lock_event])
[0x00007ffc2a3e6a48] Heap_lock - owner thread: 0x00000221e4dd1ab0

Heap address: 0x00000000c9400000, size: 876 MB, Compressed Oops mode: 32-bit

CDS archive(s) mapped at: [0x0000000000000000-0x0000000000000000-0x0000000000000000), size 0, SharedBaseAddress: 0x0000000800000000, ArchiveRelocationMode: 1.
Narrow klass base: 0x0000000000000000, Narrow klass shift: 0, Narrow klass range: 0x0

GC Precious Log:
 CardTable entry size: 512
 Card Set container configuration: InlinePtr #cards 5 size 8 Array Of Cards #cards 12 size 40 Howl #buckets 4 coarsen threshold 1843 Howl Bitmap #cards 512 size 80 coarsen threshold 460 Card regions per heap region 1 cards per card region 2048

Heap:
 garbage-first heap   total 0K, used 0K [0x00000000c9400000, 0x0000000100000000)
  region size 1024K, 0 young (0K), 0 survivors (0K)
 Metaspace       used 0K, committed 0K, reserved 0K
  class space    used 0K, committed 0K, reserved 0K

Heap Regions: E=young(eden), S=young(survivor), O=old, HS=humongous(starts), HC=humongous(continues), CS=collection set, F=free, TAMS=top-at-mark-start, PB=parsable bottom

Card table byte_map: [0x00000221fa010000,0x00000221fa1d0000] _byte_map_base: 0x00000221f99c6000

Marking Bits: (CMBitMap*) 0x00000221e712bad0
 Bits: [0x00000221fa1d0000, 0x00000221faf80000)

GC Heap History (0 events):
No events

Dll operation events (1 events):
Event: 0.058 Loaded shared library C:\Program Files\JetBrains\IntelliJ IDEA 2024.2\jbr\bin\java.dll

Deoptimization events (0 events):
No events

Classes loaded (0 events):
No events

Classes unloaded (0 events):
No events

Classes redefined (0 events):
No events

Internal exceptions (0 events):
No events

ZGC Phase Switch (0 events):
No events

VM Operations (0 events):
No events

Memory protections (0 events):
No events

Nmethod flushes (0 events):
No events

Events (0 events):
No events


Dynamic libraries:
0x00007ff7df520000 - 0x00007ff7df52a000 	C:\Program Files\JetBrains\IntelliJ IDEA 2024.2\jbr\bin\java.exe
0x00007ffcb2380000 - 0x00007ffcb25e3000 	C:\WINDOWS\SYSTEM32\ntdll.dll
0x00007ffcb09a0000 - 0x00007ffcb0a68000 	C:\WINDOWS\System32\KERNEL32.DLL
0x00007ffcafdf0000 - 0x00007ffcb01a2000 	C:\WINDOWS\System32\KERNELBASE.dll
0x00007ffcafa00000 - 0x00007ffcafb4b000 	C:\WINDOWS\System32\ucrtbase.dll
0x00007ffc9b9a0000 - 0x00007ffc9b9bb000 	C:\Program Files\JetBrains\IntelliJ IDEA 2024.2\jbr\bin\VCRUNTIME140.dll
0x00007ffc8e130000 - 0x00007ffc8e148000 	C:\Program Files\JetBrains\IntelliJ IDEA 2024.2\jbr\bin\jli.dll
0x00007ffcb0d60000 - 0x00007ffcb0f28000 	C:\WINDOWS\System32\USER32.dll
0x00007ffcb01b0000 - 0x00007ffcb01d7000 	C:\WINDOWS\System32\win32u.dll
0x00007ffcb1c00000 - 0x00007ffcb1c2a000 	C:\WINDOWS\System32\GDI32.dll
0x00007ffcafb50000 - 0x00007ffcafc7b000 	C:\WINDOWS\System32\gdi32full.dll
0x00007ffcafc80000 - 0x00007ffcafd23000 	C:\WINDOWS\System32\msvcp_win.dll
0x00007ffc95d30000 - 0x00007ffc95fc0000 	C:\WINDOWS\WinSxS\amd64_microsoft.windows.common-controls_6595b64144ccf1df_6.0.26100.2454_none_3e0b68a2e331ad60\COMCTL32.dll
0x00007ffcb0870000 - 0x00007ffcb0919000 	C:\WINDOWS\System32\msvcrt.dll
0x00007ffcb07d0000 - 0x00007ffcb07ff000 	C:\WINDOWS\System32\IMM32.DLL
0x00007ffc9b9d0000 - 0x00007ffc9b9dc000 	C:\Program Files\JetBrains\IntelliJ IDEA 2024.2\jbr\bin\vcruntime140_1.dll
0x00007ffc6d6c0000 - 0x00007ffc6d74d000 	C:\Program Files\JetBrains\IntelliJ IDEA 2024.2\jbr\bin\msvcp140.dll
0x00007ffc29720000 - 0x00007ffc2a4d7000 	C:\Program Files\JetBrains\IntelliJ IDEA 2024.2\jbr\bin\server\jvm.dll
0x00007ffcb1490000 - 0x00007ffcb1544000 	C:\WINDOWS\System32\ADVAPI32.dll
0x00007ffcb0ae0000 - 0x00007ffcb0b86000 	C:\WINDOWS\System32\sechost.dll
0x00007ffcb0290000 - 0x00007ffcb03a6000 	C:\WINDOWS\System32\RPCRT4.dll
0x00007ffcb0750000 - 0x00007ffcb07c4000 	C:\WINDOWS\System32\WS2_32.dll
0x00007ffcaf5e0000 - 0x00007ffcaf62e000 	C:\WINDOWS\SYSTEM32\POWRPROF.dll
0x00007ffca6ac0000 - 0x00007ffca6af6000 	C:\WINDOWS\SYSTEM32\WINMM.dll
0x00007ffca81f0000 - 0x00007ffca81fb000 	C:\WINDOWS\SYSTEM32\VERSION.dll
0x00007ffcaf5c0000 - 0x00007ffcaf5d4000 	C:\WINDOWS\SYSTEM32\UMPDC.dll
0x00007ffcae590000 - 0x00007ffcae5aa000 	C:\WINDOWS\SYSTEM32\kernel.appcore.dll
0x00007ffc9b970000 - 0x00007ffc9b97a000 	C:\Program Files\JetBrains\IntelliJ IDEA 2024.2\jbr\bin\jimage.dll
0x00007ffca8330000 - 0x00007ffca8571000 	C:\WINDOWS\SYSTEM32\DBGHELP.DLL
0x00007ffcb1100000 - 0x00007ffcb147e000 	C:\WINDOWS\System32\combase.dll
0x00007ffcb0f30000 - 0x00007ffcb1006000 	C:\WINDOWS\System32\OLEAUT32.dll
0x00007ffc96100000 - 0x00007ffc96139000 	C:\WINDOWS\SYSTEM32\dbgcore.DLL
0x00007ffcaf7e0000 - 0x00007ffcaf879000 	C:\WINDOWS\System32\bcryptPrimitives.dll
0x00007ffc91ea0000 - 0x00007ffc91ebf000 	C:\Program Files\JetBrains\IntelliJ IDEA 2024.2\jbr\bin\java.dll

dbghelp: loaded successfully - version: 4.0.5 - missing functions: none
symbol engine: initialized successfully - sym options: 0x614 - pdb path: .;C:\Program Files\JetBrains\IntelliJ IDEA 2024.2\jbr\bin;C:\WINDOWS\SYSTEM32;C:\WINDOWS\WinSxS\amd64_microsoft.windows.common-controls_6595b64144ccf1df_6.0.26100.2454_none_3e0b68a2e331ad60;C:\Program Files\JetBrains\IntelliJ IDEA 2024.2\jbr\bin\server

VM Arguments:
java_command: git4idea.http.GitAskPassApp Username for 'https://github.com': 
java_class_path (initial): C:/Program Files/JetBrains/IntelliJ IDEA 2024.2/plugins/vcs-git/lib/git4idea-rt.jar;C:/Program Files/JetBrains/IntelliJ IDEA 2024.2/lib/externalProcess-rt.jar
Launcher Type: SUN_STANDARD

[Global flags]
     intx CICompilerCount                          = 3                                         {product} {ergonomic}
     uint ConcGCThreads                            = 1                                         {product} {ergonomic}
     uint G1ConcRefinementThreads                  = 4                                         {product} {ergonomic}
   size_t G1HeapRegionSize                         = 1048576                                   {product} {ergonomic}
    uintx GCDrainStackTargetSize                   = 64                                        {product} {ergonomic}
   size_t InitialHeapSize                          = 58720256                                  {product} {ergonomic}
   size_t MarkStackSize                            = 4194304                                   {product} {ergonomic}
   size_t MaxHeapSize                              = 918552576                                 {product} {ergonomic}
   size_t MinHeapDeltaBytes                        = 1048576                                   {product} {ergonomic}
   size_t MinHeapSize                              = 8388608                                   {product} {ergonomic}
    uintx NonNMethodCodeHeapSize                   = 5832780                                {pd product} {ergonomic}
    uintx NonProfiledCodeHeapSize                  = 122912730                              {pd product} {ergonomic}
    uintx ProfiledCodeHeapSize                     = 122912730                              {pd product} {ergonomic}
    uintx ReservedCodeCacheSize                    = 251658240                              {pd product} {ergonomic}
     bool SegmentedCodeCache                       = true                                      {product} {ergonomic}
   size_t SoftMaxHeapSize                          = 918552576                              {manageable} {ergonomic}
     bool UseCompressedOops                        = true                           {product lp64_product} {ergonomic}
     bool UseG1GC                                  = true                                      {product} {ergonomic}
     bool UseLargePagesIndividualAllocation        = false                                  {pd product} {ergonomic}

Logging:
Log output configuration:
 #0: stdout all=warning uptime,level,tags foldmultilines=false
 #1: stderr all=off uptime,level,tags foldmultilines=false

Environment Variables:
PATH=C:\Program Files\Git\mingw64\libexec\git-core;C:\Program Files\Git\mingw64\libexec\git-core;C:\Program Files\Git\mingw64\bin;C:\Program Files\Git\usr\bin;C:\Users\rtair\bin;C:\Program Files\Common Files\Oracle\Java\javapath;C:\WINDOWS\system32;C:\WINDOWS;C:\WINDOWS\System32\Wbem;C:\WINDOWS\System32\WindowsPowerShell\v1.0;C:\WINDOWS\System32\OpenSSH;C:\Program Files\nodejs;C:\Program Files\Git\cmd;C:\Users\rtair\AppData\Local\Microsoft\WindowsApps;C:\Users\rtair\AppData\Roaming\npm;C:\Users\rtair\AppData\Local\JetBrains\IntelliJ IDEA 2024.2\bin;C:\Users\rtair\AppData\Local\Programs\Microsoft VS Code\bin
USERNAME=rtair
DISPLAY=:0.0
LC_ALL=en_US.UTF-8
TERM=xterm-256color
TMPDIR=C:\Users\rtair\AppData\Local\Temp
OS=Windows_NT
PROCESSOR_IDENTIFIER=AMD64 Family 23 Model 24 Stepping 1, AuthenticAMD
TMP=C:\Users\rtair\AppData\Local\Temp
TEMP=C:\Users\rtair\AppData\Local\Temp




Periodic native trim disabled

JNI global refs:
JNI global refs: 0, weak refs: 0

JNI global refs memory usage: 0, weak refs: 0

Process memory usage:
Resident Set Size: 12468K (0% of 3587828K total physical memory with 111720K free physical memory)

OOME stack traces (most recent first):
Classloader memory used:

---------------  S Y S T E M  ---------------

OS:
 Windows 11 , 64 bit Build 26100 (10.0.26100.2454)
OS uptime: 0 days 23:16 hours

CPU: total 4 (initial active 4) (4 cores per cpu, 2 threads per core) family 23 model 24 stepping 1 microcode 0x8108109, cx8, cmov, fxsr, ht, mmx, 3dnowpref, sse, sse2, sse3, ssse3, sse4a, sse4.1, sse4.2, popcnt, lzcnt, tsc, tscinvbit, avx, avx2, aes, clmul, bmi1, bmi2, adx, sha, fma, vzeroupper, clflush, clflushopt, rdtscp, f16c
Processor Information for all 4 processors :
  Max Mhz: 2600, Current Mhz: 2600, Mhz Limit: 2600

Memory: 4k page, system-wide physical 3503M (109M free)
TotalPageFile size 14255M (AvailPageFile size 5M)
current process WorkingSet (physical memory assigned to process): 12M, peak: 12M
current process commit charge ("private bytes"): 51M, peak: 107M

vm_info: OpenJDK 64-Bit Server VM (21.0.4+13-b509.26) for windows-amd64 JRE (21.0.4+13-b509.26), built on 2024-09-27 by "builduser" with MS VC++ 16.10 / 16.11 (VS2019)

END.
