#
# A fatal error has been detected by the Java Runtime Environment:
#
#  EXCEPTION_ACCESS_VIOLATION (0xc0000005) at pc=0x00007ffd8eaf1b91, pid=28688, tid=31724
#
# JRE version:  (17.0.13+11) (build )
# Java VM: OpenJDK 64-Bit Server VM (17.0.13+11, mixed mode, sharing, tiered, unknown gc, windows-amd64)
# Problematic frame:
# C  [jimage.dll+0x1b91]
#
# No core dump will be written. Minidumps are not enabled by default on client versions of Windows
#
#

---------------  S U M M A R Y ------------

Command Line: 

Host: AMD Ryzen 3 3250U with Radeon Graphics         , 4 cores, 3G,  Windows 11 , 64 bit Build 26100 (10.0.26100.2454)
Time: Mon Nov 25 22:23:46 2024  Windows 11 , 64 bit Build 26100 (10.0.26100.2454) elapsed time: 0.111025 seconds (0d 0h 0m 0s)

---------------  T H R E A D  ---------------

Current thread is native thread

Stack: [0x00000014f5600000,0x00000014f5700000],  sp=0x00000014f56fe060,  free space=1016k
Native frames: (J=compiled Java code, j=interpreted, Vv=VM code, C=native code)
C  [jimage.dll+0x1b91]
C  [jimage.dll+0x1d1b]
C  [jimage.dll+0x25dd]
V  [jvm.dll+0x1f04e5]
V  [jvm.dll+0xb151e]
V  [jvm.dll+0x7e992c]
V  [jvm.dll+0x3f1d7f]
V  [jvm.dll+0x3f38b1]
C  [jli.dll+0x5278]
C  [ucrtbase.dll+0x14ea0]
C  [KERNEL32.DLL+0x2e8d7]
C  [ntdll.dll+0xdfbcc]


siginfo: EXCEPTION_ACCESS_VIOLATION (0xc0000005), reading address 0x0000000000009f44


Registers:
RAX=0x00000000000007fe, RBX=0x00000014f56fe151, RCX=0x00007ffd8eaf6000, RDX=0x00000000000027ca
RSP=0x00000014f56fe060, RBP=0x00000014f56fe150, RSI=0x00000000000071e7, RDI=0x00000014f56fe150
R8 =0x00007ffd8eaf4298, R9 =0x000000000000001c, R10=0x00007ffda10a0000, R11=0x00007ffd8eaf6000
R12=0x0000000000000002, R13=0x0000015b36760700, R14=0x00000014f56ff1c0, R15=0x00007ffd46fcccf8
RIP=0x00007ffd8eaf1b91, EFLAGS=0x0000000000010213


Top of Stack: (sp=0x00000014f56fe060)
0x00000014f56fe060:   00730076002e005c 00650064006f0063
0x00000014f56fe070:   007400780065005c 00000014f56fe538
0x00000014f56fe080:   0000015b367740d0 00007ffd8eaf1d1b
0x00000014f56fe090:   000000000000000b 0000015b367740d0
0x00000014f56fe0a0:   00000000002e0031 0077002d0030002e
0x00000014f56fe0b0:   00320033006e0069 003400360078002d
0x00000014f56fe0c0:   00650072006a005c 002e00370031005c
0x00000014f56fe0d0:   00000064002e0030 006e00690077002d
0x00000014f56fe0e0:   0078002d00320033 0036005f00360038
0x00000014f56fe0f0:   0000cdf7daa42696 00650073005c006e
0x00000014f56fe100:   00007ffd46fab830 0000000000000017
0x00000014f56fe110:   0000015b367740d0 00000014f56ff1c0
0x00000014f56fe120:   000000000000000b 00007ffd8eaf25dd
0x00000014f56fe130:   0000000000000000 0000000000000000
0x00000014f56fe140:   0000015b367e0f40 0000000000000000
0x00000014f56fe150:   61622e6176616a2f 692f6b646a2f6573
0x00000014f56fe160:   2f6c616e7265746e 6f6974706f2f6d76
0x00000014f56fe170:   000000000000736e 0000000000000000
0x00000014f56fe180:   0000000000000000 0000000000000000
0x00000014f56fe190:   0000015b367e11b0 0000000000000000
0x00000014f56fe1a0:   0000000000000000 0000000000000000
0x00000014f56fe1b0:   0000000000000000 0000000000000000
0x00000014f56fe1c0:   0000000000000000 0000000000000000
0x00000014f56fe1d0:   0000000000000000 0000000000000000
0x00000014f56fe1e0:   0000000000000000 0000000000000000
0x00000014f56fe1f0:   0000000000000000 0000000000000000
0x00000014f56fe200:   0000000000000000 0000000000000000
0x00000014f56fe210:   0000000000000000 0000000000000000
0x00000014f56fe220:   0000000000000000 0000000000000000
0x00000014f56fe230:   0000000000000000 0000000000000000
0x00000014f56fe240:   0000000000000000 0000000000000000
0x00000014f56fe250:   0000000000000000 0000000000000000 

Instructions: (pc=0x00007ffd8eaf1b91)
0x00007ffd8eaf1a91:   48 85 c9 74 1d 80 3d 73 45 00 00 00 74 06 48 8b
0x00007ffd8eaf1aa1:   53 18 eb 04 48 8b 53 40 e8 8a 0e 00 00 48 83 63
0x00007ffd8eaf1ab1:   48 00 8b 4b 0c 83 f9 ff 74 09 e8 c0 0c 00 00 83
0x00007ffd8eaf1ac1:   4b 0c ff 48 8b 4b 70 48 85 c9 74 0f ba 10 00 00
0x00007ffd8eaf1ad1:   00 e8 d9 0e 00 00 48 83 63 70 00 48 83 c4 20 5b
0x00007ffd8eaf1ae1:   c3 cc cc 40 53 48 83 ec 20 48 8b d9 48 8d 0d 2c
0x00007ffd8eaf1af1:   47 00 00 e8 8f 0c 00 00 83 6b 08 01 75 24 48 8b
0x00007ffd8eaf1b01:   d3 48 8d 0d 0f 45 00 00 e8 1a 08 00 00 48 8b cb
0x00007ffd8eaf1b11:   e8 d6 fe ff ff ba 78 00 00 00 48 8b cb e8 8d 0e
0x00007ffd8eaf1b21:   00 00 48 8d 0d f6 46 00 00 48 83 c4 20 5b e9 5c
0x00007ffd8eaf1b31:   0c 00 00 48 89 5c 24 08 48 89 74 24 10 57 48 83
0x00007ffd8eaf1b41:   ec 20 41 8b f1 4d 8b c8 48 8b fa 4c 8b d9 4d 85
0x00007ffd8eaf1b51:   c0 74 73 85 f6 74 6f 44 8a 12 48 8d 5a 01 48 8b
0x00007ffd8eaf1b61:   d3 b8 93 01 00 01 eb 12 69 c0 93 01 00 01 41 0f
0x00007ffd8eaf1b71:   b6 ca 44 8a 12 33 c1 48 ff c2 45 84 d2 75 e9 4d
0x00007ffd8eaf1b81:   8b 03 33 d2 0f ba f0 1f 49 8b cb f7 f6 48 63 d2
0x00007ffd8eaf1b91:   41 8b 14 91 41 ff 50 08 85 c0 7e 24 8a 0f eb 10
0x00007ffd8eaf1ba1:   69 c0 93 01 00 01 0f b6 c9 33 c1 8a 0b 48 ff c3
0x00007ffd8eaf1bb1:   84 c9 75 ec 0f ba f0 1f 33 d2 f7 f6 8b c2 eb 09
0x00007ffd8eaf1bc1:   79 04 f7 d0 eb 03 83 c8 ff 48 8b 5c 24 30 48 8b
0x00007ffd8eaf1bd1:   74 24 38 48 83 c4 20 5f c3 cc cc 48 89 5c 24 08
0x00007ffd8eaf1be1:   48 89 74 24 10 57 48 83 ec 20 48 8b f1 48 8d 0d
0x00007ffd8eaf1bf1:   2b 46 00 00 e8 8e 0b 00 00 33 ff 39 3d 16 44 00
0x00007ffd8eaf1c01:   00 76 24 48 8b 05 15 44 00 00 48 8b d6 48 8b 1c
0x00007ffd8eaf1c11:   f8 48 8b 0b e8 60 1e 00 00 85 c0 74 2b ff c7 3b
0x00007ffd8eaf1c21:   3d f2 43 00 00 72 dc 33 db 48 8d 0d ef 45 00 00
0x00007ffd8eaf1c31:   e8 5a 0b 00 00 48 8b 74 24 38 48 8b c3 48 8b 5c
0x00007ffd8eaf1c41:   24 30 48 83 c4 20 5f c3 ff 43 08 eb dc cc cc 48
0x00007ffd8eaf1c51:   89 5c 24 08 48 89 74 24 10 57 48 83 ec 20 48 8b
0x00007ffd8eaf1c61:   d9 48 8b f2 48 8b 49 10 49 8b f8 8b 53 30 48 8b
0x00007ffd8eaf1c71:   01 ff 50 20 4c 8b 43 50 48 8b d6 48 8b 4b 10 44
0x00007ffd8eaf1c81:   8b c8 e8 ac fe ff ff 83 f8 ff 74 38 48 8b 4b 10 



---------------  P R O C E S S  ---------------

VM state: not at safepoint (not fully initialized)

VM Mutex/Monitor currently owned by a thread: None

GC Precious Log:
<Not initialized>


Dynamic libraries:
0x00007ff7ed880000 - 0x00007ff7ed88e000 	c:\Users\rtair\.vscode\extensions\redhat.java-1.36.0-win32-x64\jre\17.0.13-win32-x86_64\bin\java.exe
0x00007ffdbcfc0000 - 0x00007ffdbd223000 	C:\WINDOWS\SYSTEM32\ntdll.dll
0x00007ffdbc7e0000 - 0x00007ffdbc8a8000 	C:\WINDOWS\System32\KERNEL32.DLL
0x00007ffdba390000 - 0x00007ffdba742000 	C:\WINDOWS\System32\KERNELBASE.dll
0x00007ffdba970000 - 0x00007ffdbaabb000 	C:\WINDOWS\System32\ucrtbase.dll
0x00007ffda10a0000 - 0x00007ffda10be000 	c:\Users\rtair\.vscode\extensions\redhat.java-1.36.0-win32-x64\jre\17.0.13-win32-x86_64\bin\VCRUNTIME140.dll
0x00007ffd83370000 - 0x00007ffd83387000 	c:\Users\rtair\.vscode\extensions\redhat.java-1.36.0-win32-x64\jre\17.0.13-win32-x86_64\bin\jli.dll
0x00007ffdbb020000 - 0x00007ffdbb1e8000 	C:\WINDOWS\System32\USER32.dll
0x00007ffdbaac0000 - 0x00007ffdbaae7000 	C:\WINDOWS\System32\win32u.dll
0x00007ffdbcab0000 - 0x00007ffdbcada000 	C:\WINDOWS\System32\GDI32.dll
0x00007ffdbacf0000 - 0x00007ffdbae1b000 	C:\WINDOWS\System32\gdi32full.dll
0x00007ffdbac40000 - 0x00007ffdbace3000 	C:\WINDOWS\System32\msvcp_win.dll
0x00007ffd9f980000 - 0x00007ffd9fc10000 	C:\WINDOWS\WinSxS\amd64_microsoft.windows.common-controls_6595b64144ccf1df_6.0.26100.2454_none_3e0b68a2e331ad60\COMCTL32.dll
0x00007ffdbce20000 - 0x00007ffdbcec9000 	C:\WINDOWS\System32\msvcrt.dll
0x00007ffdbaf50000 - 0x00007ffdbaf7f000 	C:\WINDOWS\System32\IMM32.DLL
0x00007ffdb6ff0000 - 0x00007ffdb6ffc000 	c:\Users\rtair\.vscode\extensions\redhat.java-1.36.0-win32-x64\jre\17.0.13-win32-x86_64\bin\vcruntime140_1.dll
0x00007ffd585e0000 - 0x00007ffd5866d000 	c:\Users\rtair\.vscode\extensions\redhat.java-1.36.0-win32-x64\jre\17.0.13-win32-x86_64\bin\msvcp140.dll
0x00007ffd46690000 - 0x00007ffd472fb000 	c:\Users\rtair\.vscode\extensions\redhat.java-1.36.0-win32-x64\jre\17.0.13-win32-x86_64\bin\server\jvm.dll
0x00007ffdbcae0000 - 0x00007ffdbcb94000 	C:\WINDOWS\System32\ADVAPI32.dll
0x00007ffdbced0000 - 0x00007ffdbcf76000 	C:\WINDOWS\System32\sechost.dll
0x00007ffdbae20000 - 0x00007ffdbaf36000 	C:\WINDOWS\System32\RPCRT4.dll
0x00007ffdbb1f0000 - 0x00007ffdbb264000 	C:\WINDOWS\System32\WS2_32.dll
0x00007ffdaa680000 - 0x00007ffdaa6b6000 	C:\WINDOWS\SYSTEM32\WINMM.dll
0x00007ffdb1ef0000 - 0x00007ffdb1efb000 	C:\WINDOWS\SYSTEM32\VERSION.dll
0x00007ffdba220000 - 0x00007ffdba26e000 	C:\WINDOWS\SYSTEM32\POWRPROF.dll
0x00007ffdba200000 - 0x00007ffdba214000 	C:\WINDOWS\SYSTEM32\UMPDC.dll
0x00007ffdb91d0000 - 0x00007ffdb91ea000 	C:\WINDOWS\SYSTEM32\kernel.appcore.dll
0x00007ffd8eaf0000 - 0x00007ffd8eafa000 	c:\Users\rtair\.vscode\extensions\redhat.java-1.36.0-win32-x64\jre\17.0.13-win32-x86_64\bin\jimage.dll
0x00007ffdb3290000 - 0x00007ffdb34d1000 	C:\WINDOWS\SYSTEM32\DBGHELP.DLL
0x00007ffdbc450000 - 0x00007ffdbc7ce000 	C:\WINDOWS\System32\combase.dll
0x00007ffdbc8b0000 - 0x00007ffdbc986000 	C:\WINDOWS\System32\OLEAUT32.dll
0x00007ffd9f310000 - 0x00007ffd9f349000 	C:\WINDOWS\SYSTEM32\dbgcore.DLL
0x00007ffdba750000 - 0x00007ffdba7e9000 	C:\WINDOWS\System32\bcryptPrimitives.dll

dbghelp: loaded successfully - version: 4.0.5 - missing functions: none
symbol engine: initialized successfully - sym options: 0x614 - pdb path: .;c:\Users\rtair\.vscode\extensions\redhat.java-1.36.0-win32-x64\jre\17.0.13-win32-x86_64\bin;C:\WINDOWS\SYSTEM32;C:\WINDOWS\WinSxS\amd64_microsoft.windows.common-controls_6595b64144ccf1df_6.0.26100.2454_none_3e0b68a2e331ad60;c:\Users\rtair\.vscode\extensions\redhat.java-1.36.0-win32-x64\jre\17.0.13-win32-x86_64\bin\server

VM Arguments:
java_command: <unknown>
java_class_path (initial): <not set>
Launcher Type: SUN_STANDARD

[Global flags]
     bool UseLargePagesIndividualAllocation        = false                                  {pd product} {ergonomic}

Logging:
Log output configuration:
 #0: stdout all=warning uptime,level,tags
 #1: stderr all=off uptime,level,tags

Environment Variables:
PATH=C:\Program Files\Common Files\Oracle\Java\javapath;C:\WINDOWS\system32;C:\WINDOWS;C:\WINDOWS\System32\Wbem;C:\WINDOWS\System32\WindowsPowerShell\v1.0\;C:\WINDOWS\System32\OpenSSH\;C:\Program Files\nodejs\;C:\Program Files\Git\cmd;C:\Users\rtair\AppData\Local\Microsoft\WindowsApps;;C:\Users\rtair\AppData\Local\Programs\Microsoft VS Code\bin;C:\Users\rtair\AppData\Roaming\npm;C:\Users\rtair\AppData\Local\JetBrains\IntelliJ IDEA 2024.2\bin;
USERNAME=rtair
OS=Windows_NT
PROCESSOR_IDENTIFIER=AMD64 Family 23 Model 24 Stepping 1, AuthenticAMD
TMP=C:\Users\rtair\AppData\Local\Temp
TEMP=C:\Users\rtair\AppData\Local\Temp



Periodic native trim disabled


---------------  S Y S T E M  ---------------

OS:
 Windows 11 , 64 bit Build 26100 (10.0.26100.2454)
OS uptime: 1 days 23:46 hours

CPU: total 4 (initial active 0) 
Processor Information for all 4 processors :
  Max Mhz: 2600, Current Mhz: 2600, Mhz Limit: 2600

Memory: 4k page, system-wide physical 3503M (264M free)
TotalPageFile size 14255M (AvailPageFile size 17M)
current process WorkingSet (physical memory assigned to process): 9M, peak: 9M
current process commit charge ("private bytes"): 3M, peak: 3M

vm_info: OpenJDK 64-Bit Server VM (17.0.13+11) for windows-amd64 JRE (17.0.13+11), built on Oct 16 2024 00:10:08 by "admin" with MS VC++ 17.7 (VS2022)

END.
